<?xml version="1.0" encoding="UTF-8"?>
<testsuite xmlns:xsi="http://www.w3.org/2001/XMLSchema-instance" xsi:noNamespaceSchemaLocation="https://maven.apache.org/surefire/maven-surefire-plugin/xsd/surefire-test-report-3.0.xsd" version="3.0" name="com.devOpsDocker.devOpsDocker.DevOpsDockerApplicationTests" time="6.63" tests="3" errors="0" skipped="0" failures="0">
  <properties>
[...]
</properties>
  <testcase name="testSum" classname="com.devOpsDocker.devOpsDocker.DevOpsDockerApplicationTests" time="2.058">
    <system-out><![CDATA[21:54:13.853 [main] INFO org.springframework.test.context.support.AnnotationConfigContextLoaderUtils -- Could not detect default configuration classes for test class [com.devOpsDocker.devOpsDocker.DevOpsDockerApplicationTests]: DevOpsDockerApplicationTests does not declare any static, non-private, non-final, nested classes annotated with @Configuration.
21:54:14.047 [main] INFO org.springframework.boot.test.context.SpringBootTestContextBootstrapper -- Found @SpringBootConfiguration com.devOpsDocker.devOpsDocker.DevOpsDockerApplication for test class com.devOpsDocker.devOpsDocker.DevOpsDockerApplicationTests

  .   ____          _            __ _ _
 /\\ / ___'_ __ _ _(_)_ __  __ _ \ \ \ \
( ( )\___ | '_ | '_| | '_ \/ _` | \ \ \ \
 \\/  ___)| |_)| | | | | || (_| |  ) ) ) )
  '  |____| .__|_| |_|_| |_\__, | / / / /
 =========|_|==============|___/=/_/_/_/
 :: Spring Boot ::                (v3.2.4)

2024-04-04T21:54:14.943+05:30  INFO 4488 --- [devOpsDocker] [           main] c.d.d.DevOpsDockerApplicationTests       : Starting DevOpsDockerApplicationTests using Java 17.0.7 with PID 4488 (started by rajkesarwani in C:\Users\rajkesarwani\Desktop\devOpsDockerAssignments)
2024-04-04T21:54:14.945+05:30  INFO 4488 --- [devOpsDocker] [           main] c.d.d.DevOpsDockerApplicationTests       : No active profile set, falling back to 1 default profile: "default"
2024-04-04T21:54:18.098+05:30  INFO 4488 --- [devOpsDocker] [           main] c.d.d.DevOpsDockerApplicationTests       : Started DevOpsDockerApplicationTests in 3.772 seconds (process running for 10.556)
]]></system-out>
  </testcase>
  <testcase name="testCompareNums" classname="com.devOpsDocker.devOpsDocker.DevOpsDockerApplicationTests" time="0.005"/>
  <testcase name="testProduct" classname="com.devOpsDocker.devOpsDocker.DevOpsDockerApplicationTests" time="0.004"/>
</testsuite>